c:\users\zhaoy\documents\visual studio 2015\projects\cs222\cs222\debug\vc140.pdb
c:\users\zhaoy\documents\visual studio 2015\projects\cs222\cs222\debug\vc140.idb
c:\users\zhaoy\documents\visual studio 2015\projects\cs222\cs222\debug\rbfm.obj
c:\users\zhaoy\documents\visual studio 2015\projects\cs222\cs222\debug\rbftest_delete.obj
c:\users\zhaoy\documents\visual studio 2015\projects\cs222\cs222\debug\pfm.obj
c:\users\zhaoy\documents\visual studio 2015\projects\cs222\cs222\debug\rbftest_update.obj
c:\users\zhaoy\documents\visual studio 2015\projects\cs222\cs222\debug\rm.obj
c:\users\zhaoy\documents\visual studio 2015\projects\cs222\cs222\debug\rmtest_00.obj
c:\users\zhaoy\documents\visual studio 2015\projects\cs222\cs222\debug\rmtest_create_tables.obj
c:\users\zhaoy\documents\visual studio 2015\projects\cs222\cs222\debug\rmtest_01.obj
c:\users\zhaoy\documents\visual studio 2015\projects\cs222\cs222\debug\rmtest_02.obj
c:\users\zhaoy\documents\visual studio 2015\projects\cs222\cs222\debug\rmtest_03.obj
c:\users\zhaoy\documents\visual studio 2015\projects\cs222\cs222\debug\rmtest_04.obj
c:\users\zhaoy\documents\visual studio 2015\projects\cs222\cs222\debug\rmtest_05.obj
c:\users\zhaoy\documents\visual studio 2015\projects\cs222\cs222\debug\ix.obj
c:\users\zhaoy\documents\visual studio 2015\projects\cs222\cs222\debug\ixtest_01.obj
c:\users\zhaoy\documents\visual studio 2015\projects\cs222\cs222\debug\ix.obj.enc
c:\users\zhaoy\documents\visual studio 2015\projects\cs222\cs222\debug\rm.obj.enc
c:\users\zhaoy\documents\visual studio 2015\projects\cs222\cs222\debug\rmtest_create_tables.obj.enc
c:\users\zhaoy\documents\visual studio 2015\projects\cs222\debug\cs222.pdb
c:\users\zhaoy\documents\visual studio 2015\projects\cs222\debug\cs222.exe
c:\users\zhaoy\documents\visual studio 2015\projects\cs222\debug\cs222.ilk
c:\users\zhaoy\documents\visual studio 2015\projects\cs222\cs222\debug\cs222.tlog\cl.command.1.tlog
c:\users\zhaoy\documents\visual studio 2015\projects\cs222\cs222\debug\cs222.tlog\cl.read.1.tlog
c:\users\zhaoy\documents\visual studio 2015\projects\cs222\cs222\debug\cs222.tlog\cl.write.1.tlog
c:\users\zhaoy\documents\visual studio 2015\projects\cs222\cs222\debug\cs222.tlog\link.command.1.tlog
c:\users\zhaoy\documents\visual studio 2015\projects\cs222\cs222\debug\cs222.tlog\link.read.1.tlog
c:\users\zhaoy\documents\visual studio 2015\projects\cs222\cs222\debug\cs222.tlog\link.write.1.tlog
