  qetest_01.cc
c:\users\zhaoy\documents\visual studio 2015\projects\cs222\cs222\test_util.h(84): warning C4244: “return”: 从“double”转换到“int”，可能丢失数据
c:\users\zhaoy\documents\visual studio 2015\projects\cs222\cs222\test_util.h(149): warning C4800: “int”: 将值强制为布尔值“true”或“false”(性能警告)
c:\users\zhaoy\documents\visual studio 2015\projects\cs222\cs222\test_util.h(157): warning C4800: “int”: 将值强制为布尔值“true”或“false”(性能警告)
c:\users\zhaoy\documents\visual studio 2015\projects\cs222\cs222\test_util.h(165): warning C4800: “int”: 将值强制为布尔值“true”或“false”(性能警告)
c:\users\zhaoy\documents\visual studio 2015\projects\cs222\cs222\test_util.h(176): warning C4800: “int”: 将值强制为布尔值“true”或“false”(性能警告)
c:\users\zhaoy\documents\visual studio 2015\projects\cs222\cs222\test_util.h(187): warning C4800: “int”: 将值强制为布尔值“true”或“false”(性能警告)
c:\users\zhaoy\documents\visual studio 2015\projects\cs222\cs222\test_util.h(195): warning C4800: “int”: 将值强制为布尔值“true”或“false”(性能警告)
c:\users\zhaoy\documents\visual studio 2015\projects\cs222\cs222\test_util.h(253): warning C4244: “初始化”: 从“double”转换到“float”，可能丢失数据
c:\users\zhaoy\documents\visual studio 2015\projects\cs222\cs222\test_util.h(259): warning C4244: “初始化”: 从“double”转换到“float”，可能丢失数据
c:\users\zhaoy\documents\visual studio 2015\projects\cs222\cs222\test_util.h(419): warning C4244: “初始化”: 从“double”转换到“float”，可能丢失数据
c:\users\zhaoy\documents\visual studio 2015\projects\cs222\cs222\test_util.h(543): warning C4800: “int”: 将值强制为布尔值“true”或“false”(性能警告)
c:\users\zhaoy\documents\visual studio 2015\projects\cs222\cs222\test_util.h(553): warning C4800: “int”: 将值强制为布尔值“true”或“false”(性能警告)
c:\users\zhaoy\documents\visual studio 2015\projects\cs222\cs222\test_util.h(560): warning C4800: “int”: 将值强制为布尔值“true”或“false”(性能警告)
c:\users\zhaoy\documents\visual studio 2015\projects\cs222\cs222\test_util.h(567): warning C4800: “int”: 将值强制为布尔值“true”或“false”(性能警告)
c:\users\zhaoy\documents\visual studio 2015\projects\cs222\cs222\test_util.h(775): warning C4244: “=”: 从“double”转换到“int”，可能丢失数据
c:\users\zhaoy\documents\visual studio 2015\projects\cs222\cs222\test_util.h(779): warning C4800: “int”: 将值强制为布尔值“true”或“false”(性能警告)
c:\users\zhaoy\documents\visual studio 2015\projects\cs222\cs222\test_util.h(794): warning C4244: “=”: 从“double”转换到“int”，可能丢失数据
c:\users\zhaoy\documents\visual studio 2015\projects\cs222\cs222\test_util.h(798): warning C4800: “int”: 将值强制为布尔值“true”或“false”(性能警告)
c:\users\zhaoy\documents\visual studio 2015\projects\cs222\cs222\test_util.h(808): warning C4244: “=”: 从“double”转换到“int”，可能丢失数据
c:\users\zhaoy\documents\visual studio 2015\projects\cs222\cs222\test_util.h(812): warning C4800: “int”: 将值强制为布尔值“true”或“false”(性能警告)
  CS222.vcxproj -> C:\Users\zhaoy\Documents\Visual Studio 2015\Projects\CS222\Debug\CS222.exe
  CS222.vcxproj -> C:\Users\zhaoy\Documents\Visual Studio 2015\Projects\CS222\Debug\CS222.pdb (Partial PDB)
